{
  "RSpec": {
    "coverage": {
      "/home/student/Projects/find-a-friend/app/helpers/application_helper.rb": [
        1,
        null
      ],
      "/home/student/Projects/find-a-friend/app/helpers/posts_helper.rb": [
        1,
        null
      ],
      "/home/student/Projects/find-a-friend/app/helpers/sessions_helper.rb": [
        1,
        1,
        4,
        4,
        4,
        4,
        null,
        null,
        1,
        0,
        null,
        null,
        1,
        4,
        null,
        1,
        0,
        null,
        null,
        1,
        0,
        0,
        0,
        null,
        null,
        null,
        null,
        null,
        1,
        4,
        4,
        null,
        1,
        0,
        null,
        0,
        0,
        null,
        null
      ],
      "/home/student/Projects/find-a-friend/app/helpers/users_helper.rb": [
        1,
        null
      ],
      "/home/student/Projects/find-a-friend/app/helpers/welcome_helper.rb": [
        1,
        null
      ],
      "/home/student/Projects/find-a-friend/app/mailers/user_mailer.rb": [
        1,
        1,
        null,
        1,
        0,
        0,
        0,
        null,
        null
      ],
      "/home/student/Projects/find-a-friend/app/models/user.rb": [
        1,
        1,
        9,
        1,
        1,
        8,
        null,
        null,
        1,
        12,
        null,
        null,
        1,
        null,
        1,
        4,
        null,
        null
      ],
      "/home/student/Projects/find-a-friend/app/controllers/sessions_controller.rb": [
        1,
        null,
        1,
        null,
        null,
        1,
        4,
        4,
        4,
        4,
        null,
        0,
        0,
        null,
        null,
        null,
        1,
        0,
        0,
        null,
        null
      ],
      "/home/student/Projects/find-a-friend/app/controllers/application_controller.rb": [
        1,
        null,
        null,
        1,
        1,
        null
      ],
      "/home/student/Projects/find-a-friend/app/controllers/posts_controller.rb": [
        1,
        1,
        1,
        1,
        null,
        1,
        12,
        12,
        12,
        12,
        null,
        null,
        null,
        1,
        0,
        null,
        null,
        1,
        0,
        0,
        null,
        0,
        0,
        0,
        null,
        0,
        0,
        0,
        null,
        null,
        null,
        1,
        null,
        null,
        1,
        0,
        0,
        null,
        0,
        0,
        null,
        0,
        null,
        null,
        1,
        0,
        0,
        null,
        0,
        null,
        0,
        null,
        null,
        1,
        null,
        1,
        0,
        null,
        null,
        1,
        0,
        null,
        null,
        null
      ],
      "/home/student/Projects/find-a-friend/app/models/post.rb": [
        1,
        1,
        null,
        1,
        1,
        1,
        null
      ]
    },
    "timestamp": 1409075623
  }
}
